<?xml version="1.0" encoding="UTF-8"?>
<!-- Generated by org.testng.reporters.JUnitReportReporter -->
<testsuite skipped="0" hostname="DDC2-D-43L4N62" name="test.TestMeApp2" tests="1" failures="0" timestamp="2020-01-06T13:00:02 IST" time="19.016" errors="0">
  <testcase name="Login" time="19.016" classname="test.TestMeApp2"/>
</testsuite> <!-- test.TestMeApp2 -->
